# JRE version: OpenJDK Runtime Environment (8.0_152-b06) (build 1.8.0_152-release-1136-b06)
# Java VM: OpenJDK 64-Bit Server VM (25.152-b06 mixed mode windows-amd64 compressed oops)
Heap:
 PSYoungGen      total 412160K, used 412151K [0x00000000e0000000, 0x0000000100000000, 0x0000000100000000)
  eden space 300032K, 100% used [0x00000000e0000000,0x00000000f2500000,0x00000000f2500000)
  from space 112128K, 99% used [0x00000000f2500000,0x00000000f927ded8,0x00000000f9280000)
  to   space 112128K, 99% used [0x00000000f9280000,0x00000000ffffdba8,0x0000000100000000)
 ParOldGen       total 432640K, used 326813K [0x00000000a0000000, 0x00000000ba680000, 0x00000000e0000000)
  object space 432640K, 75% used [0x00000000a0000000,0x00000000b3f27768,0x00000000ba680000)
 Metaspace       used 236034K, capacity 245358K, committed 246528K, reserved 1265664K
  class space    used 27527K, capacity 29402K, committed 29696K, reserved 1048576K
GC Heap History (10 events):
Event: 17548.713 GC heap before
{Heap before GC invocations=132 (full 5):
 PSYoungGen      total 437248K, used 383228K [0x00000000e0000000, 0x00000000ffd00000, 0x0000000100000000)
  eden space 355328K, 100% used [0x00000000e0000000,0x00000000f5b00000,0x00000000f5b00000)
  from space 81920K, 34% used [0x00000000fad00000,0x00000000fc83f298,0x00000000ffd00000)
  to   space 82944K, 0% used [0x00000000f5b00000,0x00000000f5b00000,0x00000000fac00000)
 ParOldGen       total 432640K, used 230949K [0x00000000a0000000, 0x00000000ba680000, 0x00000000e0000000)
  object space 432640K, 53% used [0x00000000a0000000,0x00000000ae1897a0,0x00000000ba680000)
 Metaspace       used 211186K, capacity 220298K, committed 221440K, reserved 1243136K
  class space    used 24748K, capacity 26586K, committed 26880K, reserved 1048576K
Event: 17548.741 GC heap after
Heap after GC invocations=132 (full 5):
 PSYoungGen      total 438272K, used 32986K [0x00000000e0000000, 0x00000000ffc00000, 0x0000000100000000)
  eden space 355328K, 0% used [0x00000000e0000000,0x00000000e0000000,0x00000000f5b00000)
  from space 82944K, 39% used [0x00000000f5b00000,0x00000000f7b36810,0x00000000fac00000)
  to   space 80384K, 0% used [0x00000000fad80000,0x00000000fad80000,0x00000000ffc00000)
 ParOldGen       total 432640K, used 239002K [0x00000000a0000000, 0x00000000ba680000, 0x00000000e0000000)
  object space 432640K, 55% used [0x00000000a0000000,0x00000000ae9669a8,0x00000000ba680000)
 Metaspace       used 211186K, capacity 220298K, committed 221440K, reserved 1243136K
  class space    used 24748K, capacity 26586K, committed 26880K, reserved 1048576K
}
Event: 17553.085 GC heap before
{Heap before GC invocations=133 (full 5):
 PSYoungGen      total 438272K, used 387553K [0x00000000e0000000, 0x00000000ffc00000, 0x0000000100000000)
  eden space 355328K, 99% used [0x00000000e0000000,0x00000000f5a41f70,0x00000000f5b00000)
  from space 82944K, 39% used [0x00000000f5b00000,0x00000000f7b36810,0x00000000fac00000)
  to   space 80384K, 0% used [0x00000000fad80000,0x00000000fad80000,0x00000000ffc00000)
 ParOldGen       total 432640K, used 239002K [0x00000000a0000000, 0x00000000ba680000, 0x00000000e0000000)
  object space 432640K, 55% used [0x00000000a0000000,0x00000000ae9669a8,0x00000000ba680000)
 Metaspace       used 217353K, capacity 226488K, committed 227584K, reserved 1249280K
  class space    used 25426K, capacity 27263K, committed 27648K, reserved 1048576K
Event: 17553.101 GC heap after
Heap after GC invocations=133 (full 5):
 PSYoungGen      total 440320K, used 24373K [0x00000000e0000000, 0x00000000ffb80000, 0x0000000100000000)
  eden space 360448K, 0% used [0x00000000e0000000,0x00000000e0000000,0x00000000f6000000)
  from space 79872K, 30% used [0x00000000fad80000,0x00000000fc54d7e0,0x00000000ffb80000)
  to   space 79360K, 0% used [0x00000000f6000000,0x00000000f6000000,0x00000000fad80000)
 ParOldGen       total 432640K, used 239050K [0x00000000a0000000, 0x00000000ba680000, 0x00000000e0000000)
  object space 432640K, 55% used [0x00000000a0000000,0x00000000ae9729a8,0x00000000ba680000)
 Metaspace       used 217353K, capacity 226488K, committed 227584K, reserved 1249280K
  class space    used 25426K, capacity 27263K, committed 27648K, reserved 1048576K
}
Event: 17723.549 GC heap before
{Heap before GC invocations=134 (full 5):
 PSYoungGen      total 440320K, used 384821K [0x00000000e0000000, 0x00000000ffb80000, 0x0000000100000000)
  eden space 360448K, 100% used [0x00000000e0000000,0x00000000f6000000,0x00000000f6000000)
  from space 79872K, 30% used [0x00000000fad80000,0x00000000fc54d7e0,0x00000000ffb80000)
  to   space 79360K, 0% used [0x00000000f6000000,0x00000000f6000000,0x00000000fad80000)
 ParOldGen       total 432640K, used 239050K [0x00000000a0000000, 0x00000000ba680000, 0x00000000e0000000)
  object space 432640K, 55% used [0x00000000a0000000,0x00000000ae9729a8,0x00000000ba680000)
 Metaspace       used 223602K, capacity 232778K, committed 233856K, reserved 1255424K
  class space    used 26126K, capacity 27976K, committed 28288K, reserved 1048576K
Event: 17723.597 GC heap after
Heap after GC invocations=134 (full 5):
 PSYoungGen      total 439808K, used 79338K [0x00000000e0000000, 0x0000000100000000, 0x0000000100000000)
  eden space 360448K, 0% used [0x00000000e0000000,0x00000000e0000000,0x00000000f6000000)
  from space 79360K, 99% used [0x00000000f6000000,0x00000000fad7aa18,0x00000000fad80000)
  to   space 84480K, 0% used [0x00000000fad80000,0x00000000fad80000,0x0000000100000000)
 ParOldGen       total 432640K, used 245748K [0x00000000a0000000, 0x00000000ba680000, 0x00000000e0000000)
  object space 432640K, 56% used [0x00000000a0000000,0x00000000aeffd1f8,0x00000000ba680000)
 Metaspace       used 223602K, capacity 232778K, committed 233856K, reserved 1255424K
  class space    used 26126K, capacity 27976K, committed 28288K, reserved 1048576K
}
Event: 17754.173 GC heap before
{Heap before GC invocations=135 (full 5):
 PSYoungGen      total 439808K, used 439786K [0x00000000e0000000, 0x0000000100000000, 0x0000000100000000)
  eden space 360448K, 100% used [0x00000000e0000000,0x00000000f6000000,0x00000000f6000000)
  from space 79360K, 99% used [0x00000000f6000000,0x00000000fad7aa18,0x00000000fad80000)
  to   space 84480K, 0% used [0x00000000fad80000,0x00000000fad80000,0x0000000100000000)
 ParOldGen       total 432640K, used 245748K [0x00000000a0000000, 0x00000000ba680000, 0x00000000e0000000)
  object space 432640K, 56% used [0x00000000a0000000,0x00000000aeffd1f8,0x00000000ba680000)
 Metaspace       used 228679K, capacity 237974K, committed 239104K, reserved 1259520K
  class space    used 26704K, capacity 28560K, committed 28928K, reserved 1048576K
Event: 17754.233 GC heap after
Heap after GC invocations=135 (full 5):
 PSYoungGen      total 384512K, used 84476K [0x00000000e0000000, 0x0000000100000000, 0x0000000100000000)
  eden space 300032K, 0% used [0x00000000e0000000,0x00000000e0000000,0x00000000f2500000)
  from space 84480K, 99% used [0x00000000fad80000,0x00000000fffff308,0x0000000100000000)
  to   space 112128K, 0% used [0x00000000f2500000,0x00000000f2500000,0x00000000f9280000)
 ParOldGen       total 432640K, used 271173K [0x00000000a0000000, 0x00000000ba680000, 0x00000000e0000000)
  object space 432640K, 62% used [0x00000000a0000000,0x00000000b08d1458,0x00000000ba680000)
 Metaspace       used 228679K, capacity 237974K, committed 239104K, reserved 1259520K
  class space    used 26704K, capacity 28560K, committed 28928K, reserved 1048576K
}
Event: 17758.128 GC heap before
{Heap before GC invocations=136 (full 5):
 PSYoungGen      total 384512K, used 384328K [0x00000000e0000000, 0x0000000100000000, 0x0000000100000000)
  eden space 300032K, 99% used [0x00000000e0000000,0x00000000f24d2f88,0x00000000f2500000)
  from space 84480K, 99% used [0x00000000fad80000,0x00000000fffff308,0x0000000100000000)
  to   space 112128K, 0% used [0x00000000f2500000,0x00000000f2500000,0x00000000f9280000)
 ParOldGen       total 432640K, used 271173K [0x00000000a0000000, 0x00000000ba680000, 0x00000000e0000000)
  object space 432640K, 62% used [0x00000000a0000000,0x00000000b08d1458,0x00000000ba680000)
 Metaspace       used 229822K, capacity 239132K, committed 240256K, reserved 1261568K
  class space    used 26827K, capacity 28689K, committed 29056K, reserved 1048576K
Event: 17758.188 GC heap after
Heap after GC invocations=136 (full 5):
 PSYoungGen      total 412160K, used 112119K [0x00000000e0000000, 0x0000000100000000, 0x0000000100000000)
  eden space 300032K, 0% used [0x00000000e0000000,0x00000000e0000000,0x00000000f2500000)
  from space 112128K, 99% used [0x00000000f2500000,0x00000000f927ded8,0x00000000f9280000)
  to   space 112128K, 0% used [0x00000000f9280000,0x00000000f9280000,0x0000000100000000)
 ParOldGen       total 432640K, used 281514K [0x00000000a0000000, 0x00000000ba680000, 0x00000000e0000000)
  object space 432640K, 65% used [0x00000000a0000000,0x00000000b12eab48,0x00000000ba680000)
 Metaspace       used 229822K, capacity 239132K, committed 240256K, reserved 1261568K
  class space    used 26827K, capacity 28689K, committed 29056K, reserved 1048576K
}

